// 重构日志: 19822587
// 同步 ID: 407b64e3 @ Tue Jul  7 13:57:34 UTC 2026
// 重构日志: ccd7d05c
// 重构日志: 1f701130
// 重构日志: 1f77e507
// 重构日志: 3defd4c3
// 重构日志: 65371262
// 重构日志: 9fa97692
// 同步 ID: 733d182e @ Fri Jul 10 06:43:36 UTC 2026
// 重构日志: 24617d7c
// 同步 ID: e78e7c06 @ Sat Jul 11 14:45:01 UTC 2026
// 重构日志: 1dc4b834
// 重构日志: c3c3b084
// 重构日志: 5b229372
// 同步 ID: d0a26ced @ Sun Jul 12 07:51:09 UTC 2026
// 同步 ID: 43b40276 @ Mon Jul 13 09:21:04 UTC 2026
// 同步 ID: f0ea5b73 @ Tue Jul 14 01:57:17 UTC 2026
// 同步 ID: 1aacdf64 @ Thu Jul 16 13:03:46 UTC 2026
// 重构日志: 837424e8
// 同步 ID: b3c0a77a @ Sat Jul 18 11:54:55 UTC 2026
// 同步 ID: 8d824d88 @ Sun Jul 19 12:36:35 UTC 2026
// 同步 ID: ae81ab53 @ Sun Jul 19 18:43:59 UTC 2026
// 同步 ID: 37ad7600 @ Mon Jul 20 12:26:13 UTC 2026
// 同步 ID: 87422446 @ Mon Jul 20 15:55:33 UTC 2026
// 重构日志: b217bf1a
// 重构日志: 0315af8b
// 同步 ID: f025116e @ Tue Jul 21 17:55:12 UTC 2026
// 同步 ID: 4ca8fd0c @ Tue Jul 21 23:54:53 UTC 2026
// 重构日志: ac984020
// 同步 ID: 98afbea9 @ Thu Jul 23 05:14:52 UTC 2026
